CCS PCH C Compiler, Version 5.012, 22068               25-feb.-19 16:40

               Filename:   D:\Docs\UNIVERSIDAD\sistemasembebidos\proyectos\contador\contadoranillo.X\build\default\production\contador.lst

               ROM used:   116 bytes (0%)
                           Largest free fragment is 65420
               RAM used:   5 (0%) at main() level
                           8 (0%) worst case
               Stack used: 1 locations
               Stack size: 31

*
00000:  GOTO   002C
.................... #include <18F4620.h> 
.................... ///////////// Standard Header file for the PIC18F4620 device //////////////// 
.................... /////////////////////////////////////////////////////////////////////////// 
.................... ////        (C) Copyright 1996, 2013 Custom Computer Services          //// 
.................... //// This source code may only be used by licensed users of the CCS C  //// 
.................... //// compiler.  This source code may only be distributed to other      //// 
.................... //// licensed users of the CCS C compiler.  No other use, reproduction //// 
.................... //// or distribution is permitted without written permission.          //// 
.................... //// Derivative programs created using this software in object code    //// 
.................... //// form are not restricted in any way.                               //// 
.................... /////////////////////////////////////////////////////////////////////////// 
.................... #device PIC18F4620 
....................  
.................... #list 
....................  
.................... #fuses hs,nowdt 
.................... #USE DELAY (clock=20M) 
00004:  CLRF   FEA
00006:  MOVLW  08
00008:  MOVWF  FE9
0000A:  MOVF   FEF,W
0000C:  BZ    0028
0000E:  MOVLW  06
00010:  MOVWF  01
00012:  CLRF   00
00014:  DECFSZ 00,F
00016:  BRA    0014
00018:  DECFSZ 01,F
0001A:  BRA    0012
0001C:  MOVLW  7B
0001E:  MOVWF  00
00020:  DECFSZ 00,F
00022:  BRA    0020
00024:  DECFSZ FEF,F
00026:  BRA    000E
00028:  GOTO   0064 (RETURN)
....................  
.................... void main(void) { 
0002C:  CLRF   FF8
0002E:  BCF    FD0.7
00030:  MOVF   FC1,W
00032:  ANDLW  C0
00034:  IORLW  0F
00036:  MOVWF  FC1
00038:  MOVLW  07
0003A:  MOVWF  FB4
....................     set_tris_d(0x00); 
0003C:  MOVLW  00
0003E:  MOVWF  F95
....................     output_d(0x00); 
00040:  CLRF   F95
00042:  CLRF   F8C
....................     int16 conteo; 
....................     while (1) { 
....................         /*output_d(0x01); 
....................         delay_ms(500); 
....................         output_d(0x02); 
....................         delay_ms(500); 
....................         output_d(0x04); 
....................         delay_ms(500); 
....................         output_d(0x08); 
....................         delay_ms(500); 
....................         output_d(0x10); 
....................         delay_ms(500); 
....................         output_d(0x20); 
....................         delay_ms(500); 
....................         output_d(0x40); 
....................         delay_ms(500); 
....................         output_d(0x80); 
....................         delay_ms(500);*/ 
....................         for(conteo=1;conteo<=128;conteo*=2) 
00044:  CLRF   06
00046:  MOVLW  01
00048:  MOVWF  05
0004A:  MOVF   06,F
0004C:  BNZ   0070
0004E:  MOVF   05,W
00050:  SUBLW  80
00052:  BNC   0070
....................         { 
....................             output_d(conteo); 
00054:  CLRF   F95
00056:  MOVFF  05,F8C
....................             delay_ms(500); 
0005A:  MOVLW  02
0005C:  MOVWF  07
0005E:  MOVLW  FA
00060:  MOVWF  08
00062:  BRA    0004
00064:  DECFSZ 07,F
00066:  BRA    005E
00068:  BCF    FD8.0
0006A:  RLCF   05,F
0006C:  RLCF   06,F
0006E:  BRA    004A
....................         } 
00070:  BRA    0044
....................          
....................     } 
.................... } 
00072:  SLEEP 

Configuration Fuses:
   Word  1: C200   HS FCMEN IESO
   Word  2: 1E1E   PUT BROWNOUT BORV21 NOWDT WDT32768
   Word  3: 8700   CCP2C1 PBADEN LPT1OSC MCLR
   Word  4: 0081   STVREN NOLVP NOXINST NODEBUG
   Word  5: C00F   NOPROTECT NOCPB NOCPD
   Word  6: E00F   NOWRT NOWRTC NOWRTB NOWRTD
   Word  7: 400F   NOEBTR NOEBTRB
