
ROM used:   116/65536 (0%)
            116/65536 (0%) including unused fragments

            0.1 Average locations per line
            12.9 Average locations per statement

RAM used:   5/3968 (0%) at main() level
            8/3968 (0%) worst case

Stack used: 1 worst case (1 in main + 0 for interrupts)
Stack size: 31

Lines Stmts  %   Files
----- ----- ---  -----
   34     9 100  contador.c
  834     0   0  ..\..\..\..\..\..\Program Files (x86)\PICC\devices\18F4620.h
----- -----
  868     9 Total

Page ROM  %  RAM   Vol Diff  Functions:
---- --- --- ---   --- ----  ----------
0     40  17    1             @delay_ms1
0     72  31    1   192  3.6  main
 Inline         0             @cinit1

Program metrics:
    Functions               1
    Statements              9
    Comments                165
    Volume (V)              196
    Difficulty (D)          3.3
    Effort to implement (E) 642
    Time to implement (T)   1 minutes
    Est Delivered Bugs (B)  0
    Cyclomatic Complexity   1
    Maintainability (MI)    151

 Segment     Used  Free
-----------  ----  ----
00000-00002     4  0  
00004-0FFFE   112  65420  



